
> ui@0.0.1 brand /Users/home/career-ops/ui
> node ../scripts/native/apply-brand.mjs

Applying brand "career-ops" v1.6.0


[36m▸[0m package.json files
  [2m· package.json (root) — already current[0m
  [2m· electron/package.json — already current[0m

[36m▸[0m Capacitor configs
  [2m· ./ui/capacitor.config.ts — already current[0m
  [2m· ./ui/electron/capacitor.config.ts — already current[0m

[36m▸[0m Electron builder
  [2m· electron-builder.config.json — already current[0m

[36m▸[0m Brand-as-code (TS + Swift)
  [2m· lib/client/brand.ts — already current[0m
  [2m· electron/src/brand.ts — already current[0m

[36m▸[0m iOS
  [2m· Info.plist — already current[0m
  [2m· Brand.swift — already current[0m
  [2m· ErrorReporter.swift — all extension copies current[0m

[36m▸[0m Web manifest + favicon + app.html
  [2m· static/favicon.svg — already current[0m
  [2m· manifest.webmanifest — already current[0m
  [2m· app.html — already current[0m

[36m▸[0m Fastlane
  [2m· Appfile — already current[0m
  [2m· Fastfile — already current[0m

[36m▸[0m Build scripts
  [2m· add-xcode-targets.rb — already current[0m

[36m▸[0m Docs
  [2m· AGENTS.md — prose, not regenerated (verifier checks consistency)[0m

[36m▸[0m Regenerating platform icons
Rendering raw sizes...
  30 PNG sizes rendered
Building iOS AppIcon.appiconset...
  18 iOS slots + Contents.json
Building Electron icons...
  icon.icns generated
  icon.ico generated
Building web manifest icons...
  4 web manifest sizes rendered

✓ All icons generated
  [32m✓[0m icons regenerated

[32m✓[0m brand applied — every consumer reads from branding/brand.json
